# JRE version: OpenJDK Runtime Environment Temurin-17.0.6+10 (17.0.6+10) (build 17.0.6+10)
# Java VM: OpenJDK 64-Bit Server VM Temurin-17.0.6+10 (17.0.6+10, mixed mode, sharing, tiered, compressed oops, compressed class ptrs, g1 gc, windows-amd64)
GC Precious Log:
 CPUs: 4 total, 4 available
 Memory: 7130M
 Large Page Support: Disabled
 NUMA Support: Disabled
 Compressed Oops: Enabled (32-bit)
 Heap Region Size: 1M
 Heap Min Capacity: 256M
 Heap Initial Capacity: 256M
 Heap Max Capacity: 512M
 Pre-touch: Disabled
 Parallel Workers: 4
 Concurrent Workers: 1
 Concurrent Refinement Workers: 4
 Periodic GC: Disabled
Heap:
 garbage-first heap   total 262144K, used 142234K [0x00000000e0000000, 0x0000000100000000)
  region size 1024K, 58 young (59392K), 14 survivors (14336K)
 Metaspace       used 62012K, committed 62592K, reserved 270336K
  class space    used 8222K, committed 8512K, reserved 212992K
GC Heap History (20 events):
Event: 21.629 GC heap before
{Heap before GC invocations=3 (full 0):
 garbage-first heap   total 262144K, used 116362K [0x00000000e0000000, 0x0000000100000000)
  region size 1024K, 106 young (108544K), 3 survivors (3072K)
 Metaspace       used 21228K, committed 21504K, reserved 237568K
  class space    used 3147K, committed 3264K, reserved 212992K
}
Event: 21.651 GC heap after
{Heap after GC invocations=4 (full 0):
 garbage-first heap   total 262144K, used 20546K [0x00000000e0000000, 0x0000000100000000)
  region size 1024K, 11 young (11264K), 11 survivors (11264K)
 Metaspace       used 21228K, committed 21504K, reserved 237568K
  class space    used 3147K, committed 3264K, reserved 212992K
}
Event: 33.466 GC heap before
{Heap before GC invocations=5 (full 0):
 garbage-first heap   total 262144K, used 121922K [0x00000000e0000000, 0x0000000100000000)
  region size 1024K, 108 young (110592K), 11 survivors (11264K)
 Metaspace       used 35615K, committed 35968K, reserved 245760K
  class space    used 4904K, committed 5056K, reserved 212992K
}
Event: 33.515 GC heap after
{Heap after GC invocations=6 (full 0):
 garbage-first heap   total 262144K, used 30000K [0x00000000e0000000, 0x0000000100000000)
  region size 1024K, 10 young (10240K), 10 survivors (10240K)
 Metaspace       used 35615K, committed 35968K, reserved 245760K
  class space    used 4904K, committed 5056K, reserved 212992K
}
Event: 33.626 GC heap before
{Heap before GC invocations=6 (full 0):
 garbage-first heap   total 262144K, used 31024K [0x00000000e0000000, 0x0000000100000000)
  region size 1024K, 12 young (12288K), 10 survivors (10240K)
 Metaspace       used 35867K, committed 36288K, reserved 245760K
  class space    used 4939K, committed 5120K, reserved 212992K
}
Event: 33.645 GC heap after
{Heap after GC invocations=7 (full 0):
 garbage-first heap   total 262144K, used 30637K [0x00000000e0000000, 0x0000000100000000)
  region size 1024K, 2 young (2048K), 2 survivors (2048K)
 Metaspace       used 35867K, committed 36288K, reserved 245760K
  class space    used 4939K, committed 5120K, reserved 212992K
}
Event: 33.657 GC heap before
{Heap before GC invocations=7 (full 0):
 garbage-first heap   total 262144K, used 30637K [0x00000000e0000000, 0x0000000100000000)
  region size 1024K, 3 young (3072K), 2 survivors (2048K)
 Metaspace       used 35927K, committed 36288K, reserved 245760K
  class space    used 4941K, committed 5120K, reserved 212992K
}
Event: 33.659 GC heap after
{Heap after GC invocations=8 (full 0):
 garbage-first heap   total 262144K, used 29621K [0x00000000e0000000, 0x0000000100000000)
  region size 1024K, 1 young (1024K), 1 survivors (1024K)
 Metaspace       used 35927K, committed 36288K, reserved 245760K
  class space    used 4941K, committed 5120K, reserved 212992K
}
Event: 43.173 GC heap before
{Heap before GC invocations=9 (full 0):
 garbage-first heap   total 262144K, used 168885K [0x00000000e0000000, 0x0000000100000000)
  region size 1024K, 137 young (140288K), 1 survivors (1024K)
 Metaspace       used 46204K, committed 46720K, reserved 253952K
  class space    used 6467K, committed 6720K, reserved 212992K
}
Event: 43.197 GC heap after
{Heap after GC invocations=10 (full 0):
 garbage-first heap   total 262144K, used 40638K [0x00000000e0000000, 0x0000000100000000)
  region size 1024K, 12 young (12288K), 12 survivors (12288K)
 Metaspace       used 46204K, committed 46720K, reserved 253952K
  class space    used 6467K, committed 6720K, reserved 212992K
}
Event: 53.958 GC heap before
{Heap before GC invocations=10 (full 0):
 garbage-first heap   total 262144K, used 185022K [0x00000000e0000000, 0x0000000100000000)
  region size 1024K, 153 young (156672K), 12 survivors (12288K)
 Metaspace       used 49983K, committed 50432K, reserved 262144K
  class space    used 6875K, committed 7104K, reserved 212992K
}
Event: 54.014 GC heap after
{Heap after GC invocations=11 (full 0):
 garbage-first heap   total 262144K, used 51861K [0x00000000e0000000, 0x0000000100000000)
  region size 1024K, 12 young (12288K), 12 survivors (12288K)
 Metaspace       used 49983K, committed 50432K, reserved 262144K
  class space    used 6875K, committed 7104K, reserved 212992K
}
Event: 60.056 GC heap before
{Heap before GC invocations=11 (full 0):
 garbage-first heap   total 262144K, used 194197K [0x00000000e0000000, 0x0000000100000000)
  region size 1024K, 151 young (154624K), 12 survivors (12288K)
 Metaspace       used 50587K, committed 51136K, reserved 262144K
  class space    used 6890K, committed 7104K, reserved 212992K
}
Event: 60.083 GC heap after
{Heap after GC invocations=12 (full 0):
 garbage-first heap   total 262144K, used 57719K [0x00000000e0000000, 0x0000000100000000)
  region size 1024K, 7 young (7168K), 7 survivors (7168K)
 Metaspace       used 50587K, committed 51136K, reserved 262144K
  class space    used 6890K, committed 7104K, reserved 212992K
}
Event: 78.837 GC heap before
{Heap before GC invocations=12 (full 0):
 garbage-first heap   total 262144K, used 200055K [0x00000000e0000000, 0x0000000100000000)
  region size 1024K, 147 young (150528K), 7 survivors (7168K)
 Metaspace       used 51864K, committed 52352K, reserved 262144K
  class space    used 7007K, committed 7232K, reserved 212992K
}
Event: 78.867 GC heap after
{Heap after GC invocations=13 (full 0):
 garbage-first heap   total 262144K, used 60801K [0x00000000e0000000, 0x0000000100000000)
  region size 1024K, 10 young (10240K), 10 survivors (10240K)
 Metaspace       used 51864K, committed 52352K, reserved 262144K
  class space    used 7007K, committed 7232K, reserved 212992K
}
Event: 94.349 GC heap before
{Heap before GC invocations=13 (full 0):
 garbage-first heap   total 262144K, used 215425K [0x00000000e0000000, 0x0000000100000000)
  region size 1024K, 151 young (154624K), 10 survivors (10240K)
 Metaspace       used 59083K, committed 59712K, reserved 270336K
  class space    used 7891K, committed 8192K, reserved 212992K
}
Event: 94.388 GC heap after
{Heap after GC invocations=14 (full 0):
 garbage-first heap   total 262144K, used 85106K [0x00000000e0000000, 0x0000000100000000)
  region size 1024K, 19 young (19456K), 19 survivors (19456K)
 Metaspace       used 59083K, committed 59712K, reserved 270336K
  class space    used 7891K, committed 8192K, reserved 212992K
}
Event: 98.416 GC heap before
{Heap before GC invocations=14 (full 0):
 garbage-first heap   total 262144K, used 135282K [0x00000000e0000000, 0x0000000100000000)
  region size 1024K, 69 young (70656K), 19 survivors (19456K)
 Metaspace       used 60196K, committed 60800K, reserved 270336K
  class space    used 8026K, committed 8320K, reserved 212992K
}
Event: 98.597 GC heap after
{Heap after GC invocations=15 (full 0):
 garbage-first heap   total 262144K, used 99226K [0x00000000e0000000, 0x0000000100000000)
  region size 1024K, 14 young (14336K), 14 survivors (14336K)
 Metaspace       used 60196K, committed 60800K, reserved 270336K
  class space    used 8026K, committed 8320K, reserved 212992K
}

