# JRE version: OpenJDK Runtime Environment Temurin-17.0.6+10 (17.0.6+10) (build 17.0.6+10)
# Java VM: OpenJDK 64-Bit Server VM Temurin-17.0.6+10 (17.0.6+10, mixed mode, sharing, tiered, compressed oops, compressed class ptrs, g1 gc, windows-amd64)
GC Precious Log:
 CPUs: 4 total, 4 available
 Memory: 7130M
 Large Page Support: Disabled
 NUMA Support: Disabled
 Compressed Oops: Enabled (32-bit)
 Heap Region Size: 1M
 Heap Min Capacity: 256M
 Heap Initial Capacity: 256M
 Heap Max Capacity: 512M
 Pre-touch: Disabled
 Parallel Workers: 4
 Concurrent Workers: 1
 Concurrent Refinement Workers: 4
 Periodic GC: Disabled
Heap:
 garbage-first heap   total 262144K, used 178458K [0x00000000e0000000, 0x0000000100000000)
  region size 1024K, 77 young (78848K), 15 survivors (15360K)
 Metaspace       used 64171K, committed 64768K, reserved 270336K
  class space    used 8563K, committed 8896K, reserved 212992K
GC Heap History (20 events):
Event: 36.326 GC heap before
{Heap before GC invocations=5 (full 0):
 garbage-first heap   total 262144K, used 123209K [0x00000000e0000000, 0x0000000100000000)
  region size 1024K, 108 young (110592K), 10 survivors (10240K)
 Metaspace       used 35586K, committed 35968K, reserved 245760K
  class space    used 4906K, committed 5120K, reserved 212992K
}
Event: 36.356 GC heap after
{Heap after GC invocations=6 (full 0):
 garbage-first heap   total 262144K, used 29447K [0x00000000e0000000, 0x0000000100000000)
  region size 1024K, 15 young (15360K), 15 survivors (15360K)
 Metaspace       used 35586K, committed 35968K, reserved 245760K
  class space    used 4906K, committed 5120K, reserved 212992K
}
Event: 36.399 GC heap before
{Heap before GC invocations=6 (full 0):
 garbage-first heap   total 262144K, used 30471K [0x00000000e0000000, 0x0000000100000000)
  region size 1024K, 16 young (16384K), 15 survivors (15360K)
 Metaspace       used 35719K, committed 36096K, reserved 245760K
  class space    used 4921K, committed 5120K, reserved 212992K
}
Event: 36.424 GC heap after
{Heap after GC invocations=7 (full 0):
 garbage-first heap   total 262144K, used 31362K [0x00000000e0000000, 0x0000000100000000)
  region size 1024K, 2 young (2048K), 2 survivors (2048K)
 Metaspace       used 35719K, committed 36096K, reserved 245760K
  class space    used 4921K, committed 5120K, reserved 212992K
}
Event: 36.626 GC heap before
{Heap before GC invocations=7 (full 0):
 garbage-first heap   total 262144K, used 32386K [0x00000000e0000000, 0x0000000100000000)
  region size 1024K, 4 young (4096K), 2 survivors (2048K)
 Metaspace       used 35959K, committed 36288K, reserved 245760K
  class space    used 4949K, committed 5120K, reserved 212992K
}
Event: 36.629 GC heap after
{Heap after GC invocations=8 (full 0):
 garbage-first heap   total 262144K, used 29963K [0x00000000e0000000, 0x0000000100000000)
  region size 1024K, 1 young (1024K), 1 survivors (1024K)
 Metaspace       used 35959K, committed 36288K, reserved 245760K
  class space    used 4949K, committed 5120K, reserved 212992K
}
Event: 48.394 GC heap before
{Heap before GC invocations=9 (full 0):
 garbage-first heap   total 262144K, used 185611K [0x00000000e0000000, 0x0000000100000000)
  region size 1024K, 153 young (156672K), 1 survivors (1024K)
 Metaspace       used 46494K, committed 46976K, reserved 253952K
  class space    used 6507K, committed 6720K, reserved 212992K
}
Event: 48.421 GC heap after
{Heap after GC invocations=10 (full 0):
 garbage-first heap   total 262144K, used 42466K [0x00000000e0000000, 0x0000000100000000)
  region size 1024K, 13 young (13312K), 13 survivors (13312K)
 Metaspace       used 46494K, committed 46976K, reserved 253952K
  class space    used 6507K, committed 6720K, reserved 212992K
}
Event: 58.347 GC heap before
{Heap before GC invocations=10 (full 0):
 garbage-first heap   total 262144K, used 184802K [0x00000000e0000000, 0x0000000100000000)
  region size 1024K, 153 young (156672K), 13 survivors (13312K)
 Metaspace       used 50213K, committed 50688K, reserved 262144K
  class space    used 6899K, committed 7104K, reserved 212992K
}
Event: 58.392 GC heap after
{Heap after GC invocations=11 (full 0):
 garbage-first heap   total 262144K, used 54137K [0x00000000e0000000, 0x0000000100000000)
  region size 1024K, 12 young (12288K), 12 survivors (12288K)
 Metaspace       used 50213K, committed 50688K, reserved 262144K
  class space    used 6899K, committed 7104K, reserved 212992K
}
Event: 65.055 GC heap before
{Heap before GC invocations=11 (full 0):
 garbage-first heap   total 262144K, used 197497K [0x00000000e0000000, 0x0000000100000000)
  region size 1024K, 152 young (155648K), 12 survivors (12288K)
 Metaspace       used 51572K, committed 52032K, reserved 262144K
  class space    used 7078K, committed 7296K, reserved 212992K
}
Event: 65.084 GC heap after
{Heap after GC invocations=12 (full 0):
 garbage-first heap   total 262144K, used 60318K [0x00000000e0000000, 0x0000000100000000)
  region size 1024K, 7 young (7168K), 7 survivors (7168K)
 Metaspace       used 51572K, committed 52032K, reserved 262144K
  class space    used 7078K, committed 7296K, reserved 212992K
}
Event: 73.930 GC heap before
{Heap before GC invocations=12 (full 0):
 garbage-first heap   total 262144K, used 193438K [0x00000000e0000000, 0x0000000100000000)
  region size 1024K, 134 young (137216K), 7 survivors (7168K)
 Metaspace       used 60171K, committed 60736K, reserved 270336K
  class space    used 8153K, committed 8448K, reserved 212992K
}
Event: 74.012 GC heap after
{Heap after GC invocations=13 (full 0):
 garbage-first heap   total 262144K, used 92111K [0x00000000e0000000, 0x0000000100000000)
  region size 1024K, 19 young (19456K), 19 survivors (19456K)
 Metaspace       used 60171K, committed 60736K, reserved 270336K
  class space    used 8153K, committed 8448K, reserved 212992K
}
Event: 77.239 GC heap before
{Heap before GC invocations=14 (full 0):
 garbage-first heap   total 262144K, used 203727K [0x00000000e0000000, 0x0000000100000000)
  region size 1024K, 118 young (120832K), 19 survivors (19456K)
 Metaspace       used 61110K, committed 61760K, reserved 270336K
  class space    used 8273K, committed 8576K, reserved 212992K
}
Event: 77.267 GC heap after
{Heap after GC invocations=15 (full 0):
 garbage-first heap   total 262144K, used 90112K [0x00000000e0000000, 0x0000000100000000)
  region size 1024K, 4 young (4096K), 4 survivors (4096K)
 Metaspace       used 61110K, committed 61760K, reserved 270336K
  class space    used 8273K, committed 8576K, reserved 212992K
}
Event: 92.234 GC heap before
{Heap before GC invocations=15 (full 0):
 garbage-first heap   total 262144K, used 211968K [0x00000000e0000000, 0x0000000100000000)
  region size 1024K, 110 young (112640K), 4 survivors (4096K)
 Metaspace       used 62271K, committed 62848K, reserved 270336K
  class space    used 8376K, committed 8640K, reserved 212992K
}
Event: 92.242 GC heap after
{Heap after GC invocations=16 (full 0):
 garbage-first heap   total 262144K, used 87836K [0x00000000e0000000, 0x0000000100000000)
  region size 1024K, 3 young (3072K), 3 survivors (3072K)
 Metaspace       used 62271K, committed 62848K, reserved 270336K
  class space    used 8376K, committed 8640K, reserved 212992K
}
Event: 96.522 GC heap before
{Heap before GC invocations=16 (full 0):
 garbage-first heap   total 262144K, used 208668K [0x00000000e0000000, 0x0000000100000000)
  region size 1024K, 117 young (119808K), 3 survivors (3072K)
 Metaspace       used 62672K, committed 63168K, reserved 270336K
  class space    used 8393K, committed 8640K, reserved 212992K
}
Event: 96.563 GC heap after
{Heap after GC invocations=17 (full 0):
 garbage-first heap   total 262144K, used 117018K [0x00000000e0000000, 0x0000000100000000)
  region size 1024K, 15 young (15360K), 15 survivors (15360K)
 Metaspace       used 62672K, committed 63168K, reserved 270336K
  class space    used 8393K, committed 8640K, reserved 212992K
}

